<?xml version="1.0" encoding="UTF-8"?>
<!-- Generated by org.testng.reporters.JUnitReportReporter -->
<testsuite skipped="0" hostname="DESKTOP-S8H4NK3" name="users.TC_002" tests="1" failures="0" timestamp="2022-03-02T21:22:06 IST" time="34.963" errors="0">
  <testcase name="sample" time="34.963" classname="users.TC_002"/>
  <system-out/>
</testsuite> <!-- users.TC_002 -->
