<?xml version="1.0" encoding="UTF-8"?>
<!-- Generated by org.testng.reporters.JUnitReportReporter -->
<testsuite skipped="0" hostname="DESKTOP-S8H4NK3" name="users.TC_003" tests="1" failures="0" timestamp="2022-03-02T21:23:57 IST" time="65.400" errors="0">
  <testcase name="sample" time="65.400" classname="users.TC_003"/>
  <system-out/>
</testsuite> <!-- users.TC_003 -->
